[0;34m[2025-07-06 10:45:07][0m 🔍 Starting SirsiNexus Security Audit...
[0;34m[2025-07-06 10:45:07][0m Audit Directory: security-audit-20250706_104507
[0;34m[2025-07-06 10:45:07][0m 🔒 Auditing Network Security...
[0;34m[2025-07-06 10:45:07][0m Checking open ports...
[1;33m⚠️  Port 26257 is not accessible[0m
[1;33m⚠️  Port 6379 is not accessible[0m
[1;33m⚠️  Port 8080 is not accessible[0m
[1;33m⚠️  Port 3000 is not accessible[0m
[0;34m[2025-07-06 10:45:07][0m 🔐 Auditing Authentication Security...
[0;34m[2025-07-06 10:45:07][0m Checking JWT token configuration...
[1;33m⚠️  JWT_SECRET not found in .env file[0m
[0;34m[2025-07-06 10:45:07][0m Checking password hashing implementation...
[0;32m✅ Argon2 password hashing detected[0m
[0;34m[2025-07-06 10:45:07][0m 🗄️ Auditing Database Security...
[0;34m[2025-07-06 10:45:07][0m Checking CockroachDB security configuration...
[1;33m⚠️  CockroachDB running in insecure mode (development only)[0m
[0;32m✅ Database connectivity and permissions check passed[0m
[0;34m[2025-07-06 10:45:07][0m Checking Redis security configuration...
[1;33m⚠️  Redis accessible without authentication (development mode)[0m
[0;34m[2025-07-06 10:45:07][0m 🛡️ Auditing Application Security...
[0;34m[2025-07-06 10:45:07][0m Scanning for hardcoded secrets...
